<?xml version="1.0" encoding="UTF-8"?>
<!-- Generated by org.testng.reporters.JUnitReportReporter -->
<testsuite hostname="Prasanth-PC" name="projects.GetProjectStepID" tests="1" failures="0" timestamp="25 May 2018 07:00:55 GMT" time="2.257" errors="0">
  <testcase name="getRequestProjectStepIDS" time="2.257" classname="projects.GetProjectStepID"/>
</testsuite> <!-- projects.GetProjectStepID -->
