<?xml version="1.0" encoding="UTF-8"?>
<!-- Generated by org.testng.reporters.JUnitReportReporter -->
<testsuite hostname="Prasanth-PC" name="Registration.UserForgotPassword" tests="1" failures="0" timestamp="12 May 2018 12:10:54 GMT" time="5.638" errors="0">
  <testcase name="postRequestUserActivation" time="5.638" classname="Registration.UserForgotPassword"/>
</testsuite> <!-- Registration.UserForgotPassword -->
