<?xml version="1.0" encoding="UTF-8"?>
<!-- Generated by org.testng.reporters.JUnitReportReporter -->
<testsuite hostname="Prasanth-PC" name="projects.GetProfile" tests="1" failures="0" timestamp="25 May 2018 06:20:30 GMT" time="2.425" errors="0">
  <testcase name="getRequestProfiles" time="2.425" classname="projects.GetProfile"/>
</testsuite> <!-- projects.GetProfile -->
