<?xml version="1.0" encoding="UTF-8"?>
<!-- Generated by org.testng.reporters.JUnitReportReporter -->
<testsuite hostname="Prasanth-PC" name="projects.GetProjectsByID" tests="1" failures="0" timestamp="25 May 2018 06:13:08 GMT" time="2.255" errors="0">
  <testcase name="getRequestProjectsByID" time="2.255" classname="projects.GetProjectsByID"/>
</testsuite> <!-- projects.GetProjectsByID -->
