<?xml version="1.0" encoding="UTF-8"?>
<!-- Generated by org.testng.reporters.JUnitReportReporter -->
<testsuite hostname="Prasanth-PC" name="projects.GetProjectsbyClient" tests="1" failures="0" timestamp="21 May 2018 05:56:31 GMT" time="2.371" errors="0">
  <testcase name="getProjectsbyClient" time="2.371" classname="projects.GetProjectsbyClient"/>
</testsuite> <!-- projects.GetProjectsbyClient -->
