<?xml version="1.0" encoding="UTF-8"?>
<!-- Generated by org.testng.reporters.JUnitReportReporter -->
<testsuite hostname="Prasanth-PC" name="projects.getSubCategoryIDS" tests="1" failures="0" timestamp="25 May 2018 06:24:53 GMT" time="2.283" errors="0">
  <testcase name="getRequestSubCategories" time="2.283" classname="projects.getSubCategoryIDS"/>
</testsuite> <!-- projects.getSubCategoryIDS -->
