<?xml version="1.0" encoding="UTF-8"?>
<!-- Generated by org.testng.reporters.JUnitReportReporter -->
<testsuite hostname="Prasanth-PC" name="projects.GetProjectsBySkills" tests="1" failures="0" timestamp="25 May 2018 06:56:10 GMT" time="2.264" errors="0">
  <testcase name="getRequestProjectBySkills" time="2.264" classname="projects.GetProjectsBySkills"/>
</testsuite> <!-- projects.GetProjectsBySkills -->
