<?xml version="1.0" encoding="UTF-8"?>
<!-- Generated by org.testng.reporters.JUnitReportReporter -->
<testsuite hostname="Prasanth-PC" name="projects.PostDeleteFAQ" tests="1" failures="0" timestamp="6 Jun 2018 05:33:05 GMT" time="2.572" errors="0">
  <testcase name="postRequestDeleteFAQ" time="2.572" classname="projects.PostDeleteFAQ"/>
</testsuite> <!-- projects.PostDeleteFAQ -->
