<?xml version="1.0" encoding="UTF-8"?>
<!-- Generated by org.testng.reporters.JUnitReportReporter -->
<testsuite hostname="Prasanth-PC" name="projects.PostDeleteProject" tests="1" failures="0" timestamp="4 Jun 2018 06:31:17 GMT" time="2.263" errors="0">
  <testcase name="postRequestDeleteProject" time="2.263" classname="projects.PostDeleteProject"/>
</testsuite> <!-- projects.PostDeleteProject -->
