<?xml version="1.0" encoding="UTF-8"?>
<!-- Generated by org.testng.reporters.JUnitReportReporter -->
<testsuite hostname="Prasanth-PC" name="registration.UserRegistration" tests="1" failures="0" timestamp="16 May 2018 05:30:51 GMT" time="8.681" errors="0">
  <testcase name="postRequestofUserRegistration" time="8.681" classname="registration.UserRegistration"/>
</testsuite> <!-- registration.UserRegistration -->
