<?xml version="1.0" encoding="UTF-8"?>
<!-- Generated by org.testng.reporters.JUnitReportReporter -->
<testsuite hostname="Prasanth-PC" name="projects.GetAllProjectsStatusDescription" tests="1" failures="0" timestamp="25 May 2018 06:36:31 GMT" time="2.269" errors="0">
  <testcase name="getRequestProjectStatusDescription" time="2.269" classname="projects.GetAllProjectsStatusDescription"/>
</testsuite> <!-- projects.GetAllProjectsStatusDescription -->
