<?xml version="1.0" encoding="UTF-8"?>
<!-- Generated by org.testng.reporters.JUnitReportReporter -->
<testsuite hostname="Prasanth-PC" name="projects.GetProjectsbyFreelancer" tests="1" failures="0" timestamp="23 May 2018 06:01:25 GMT" time="4.950" errors="0">
  <testcase name="getProjectsByFreelancer" time="4.950" classname="projects.GetProjectsbyFreelancer"/>
</testsuite> <!-- projects.GetProjectsbyFreelancer -->
