<?xml version="1.0" encoding="UTF-8"?>
<!-- Generated by org.testng.reporters.JUnitReportReporter -->
<testsuite hostname="Prasanth-PC" name="projects.PostProjectIDStatusChange" tests="1" failures="0" timestamp="31 May 2018 06:18:13 GMT" time="2.241" errors="0">
  <testcase name="postRequestProjectStatusUpdate" time="2.241" classname="projects.PostProjectIDStatusChange"/>
</testsuite> <!-- projects.PostProjectIDStatusChange -->
