<?xml version="1.0" encoding="UTF-8"?>
<!-- Generated by org.testng.reporters.JUnitReportReporter -->
<testsuite hostname="Prasanth-PC" name="projects.ReviewAndSave" tests="1" failures="0" timestamp="31 May 2018 06:02:51 GMT" time="2.138" errors="0">
  <testcase name="PostRequestReviewProject" time="2.138" classname="projects.ReviewAndSave"/>
</testsuite> <!-- projects.ReviewAndSave -->
