<?xml version="1.0" encoding="UTF-8"?>
<!-- Generated by org.testng.reporters.JUnitReportReporter -->
<testsuite hostname="Prasanth-PC" name="projects.GetClientCount" tests="1" failures="0" timestamp="6 Jun 2018 06:52:08 GMT" time="2.503" errors="0">
  <testcase name="GetRequestClient" time="2.503" classname="projects.GetClientCount"/>
</testsuite> <!-- projects.GetClientCount -->
