<?xml version="1.0" encoding="UTF-8"?>
<!-- Generated by org.testng.reporters.JUnitReportReporter -->
<testsuite hostname="Prasanth-PC" name="Registration.UserActivation" tests="1" failures="0" timestamp="14 May 2018 05:45:48 GMT" time="2.278" errors="0">
  <testcase name="postRequestUserActivation" time="2.278" classname="Registration.UserActivation"/>
</testsuite> <!-- Registration.UserActivation -->
