<?xml version="1.0" encoding="UTF-8"?>
<!-- Generated by org.testng.reporters.JUnitReportReporter -->
<testsuite hostname="Prasanth-PC" name="projects.AddProject" tests="1" failures="0" timestamp="4 Jun 2018 06:30:19 GMT" time="2.380" errors="0">
  <testcase name="postRequestofAddProject" time="2.380" classname="projects.AddProject"/>
</testsuite> <!-- projects.AddProject -->
