<?xml version="1.0" encoding="UTF-8"?>
<!-- Generated by org.testng.reporters.JUnitReportReporter -->
<testsuite hostname="Prasanth-PC" name="projects.PostAddFAQ" tests="1" failures="0" timestamp="4 Jun 2018 06:25:05 GMT" time="2.275" errors="0">
  <testcase name="postAddFAQ" time="2.275" classname="projects.PostAddFAQ"/>
</testsuite> <!-- projects.PostAddFAQ -->
