<?xml version="1.0" encoding="UTF-8"?>
<!-- Generated by org.testng.reporters.JUnitReportReporter -->
<testsuite hostname="Prasanth-PC" name="projects.SendProjectStatus" tests="1" failures="0" timestamp="31 May 2018 06:57:03 GMT" time="23.132" errors="0">
  <testcase name="postRequestGetProjectStatus" time="23.132" classname="projects.SendProjectStatus"/>
</testsuite> <!-- projects.SendProjectStatus -->
