<?xml version="1.0" encoding="UTF-8"?>
<!-- Generated by org.testng.reporters.JUnitReportReporter -->
<testsuite hostname="Prasanth-PC" name="projects.GetActiveBids" tests="1" failures="0" timestamp="6 Jun 2018 06:40:21 GMT" time="3.215" errors="0">
  <testcase name="getRequestActiveBids" time="3.215" classname="projects.GetActiveBids"/>
</testsuite> <!-- projects.GetActiveBids -->
