<?xml version="1.0" encoding="UTF-8"?>
<!-- Generated by org.testng.reporters.JUnitReportReporter -->
<testsuite hostname="Prasanth-PC" name="projects.GetProjectCount" tests="1" failures="0" timestamp="25 May 2018 06:15:02 GMT" time="2.372" errors="0">
  <testcase name="getRequestProjectCount" time="2.372" classname="projects.GetProjectCount"/>
</testsuite> <!-- projects.GetProjectCount -->
