<?xml version="1.0" encoding="UTF-8"?>
<!-- Generated by org.testng.reporters.JUnitReportReporter -->
<testsuite hostname="Prasanth-PC" name="projects.GetAllProjects" tests="1" failures="0" timestamp="25 May 2018 05:50:49 GMT" time="3.444" errors="0">
  <testcase name="getRequestAllProjects" time="3.444" classname="projects.GetAllProjects"/>
</testsuite> <!-- projects.GetAllProjects -->
